c:\users\almog\source\repos\methodstask3\methodsinsoftwaretask3\debug\control.bsc
c:\users\almog\source\repos\methodstask3\methodsinsoftwaretask3\control\debug\control.pdb
c:\users\almog\source\repos\methodstask3\methodsinsoftwaretask3\control\debug\control.idb
c:\users\almog\source\repos\methodstask3\methodsinsoftwaretask3\control\debug\scrollable.sbr
c:\users\almog\source\repos\methodstask3\methodsinsoftwaretask3\control\debug\main.sbr
c:\users\almog\source\repos\methodstask3\methodsinsoftwaretask3\control\debug\graphics.sbr
c:\users\almog\source\repos\methodstask3\methodsinsoftwaretask3\control\debug\eventengine.sbr
c:\users\almog\source\repos\methodstask3\methodsinsoftwaretask3\control\debug\control.sbr
c:\users\almog\source\repos\methodstask3\methodsinsoftwaretask3\control\debug\borderdrawer.sbr
c:\users\almog\source\repos\methodstask3\methodsinsoftwaretask3\control\debug\borderdrawer.obj
c:\users\almog\source\repos\methodstask3\methodsinsoftwaretask3\control\debug\control.obj
c:\users\almog\source\repos\methodstask3\methodsinsoftwaretask3\control\debug\eventengine.obj
c:\users\almog\source\repos\methodstask3\methodsinsoftwaretask3\control\debug\graphics.obj
c:\users\almog\source\repos\methodstask3\methodsinsoftwaretask3\control\debug\main.obj
c:\users\almog\source\repos\methodstask3\methodsinsoftwaretask3\control\debug\scrollable.obj
c:\users\almog\source\repos\methodstask3\methodsinsoftwaretask3\debug\control.lib
c:\users\almog\source\repos\methodstask3\methodsinsoftwaretask3\debug\control.pdb
c:\users\almog\source\repos\methodstask3\methodsinsoftwaretask3\control\debug\control.tlog\bscmake.command.1.tlog
c:\users\almog\source\repos\methodstask3\methodsinsoftwaretask3\control\debug\control.tlog\bscmake.read.1.tlog
c:\users\almog\source\repos\methodstask3\methodsinsoftwaretask3\control\debug\control.tlog\bscmake.write.1.tlog
c:\users\almog\source\repos\methodstask3\methodsinsoftwaretask3\control\debug\control.tlog\cl.command.1.tlog
c:\users\almog\source\repos\methodstask3\methodsinsoftwaretask3\control\debug\control.tlog\cl.read.1.tlog
c:\users\almog\source\repos\methodstask3\methodsinsoftwaretask3\control\debug\control.tlog\cl.write.1.tlog
c:\users\almog\source\repos\methodstask3\methodsinsoftwaretask3\control\debug\control.tlog\lib-link.read.1.tlog
c:\users\almog\source\repos\methodstask3\methodsinsoftwaretask3\control\debug\control.tlog\lib-link.write.1.tlog
c:\users\almog\source\repos\methodstask3\methodsinsoftwaretask3\control\debug\control.tlog\lib.command.1.tlog
